# JRE version: Java(TM) SE Runtime Environment (7.0_40-b43) (build 1.7.0_40-b43)
# Java VM: Java HotSpot(TM) 64-Bit Server VM (24.0-b56 mixed mode linux-amd64 compressed oops)
Heap
 PSYoungGen      total 131584K, used 58616K [0x00000000f5500000, 0x00000000ffc00000, 0x0000000100000000)
  eden space 98816K, 54% used [0x00000000f5500000,0x00000000f89a09f8,0x00000000fb580000)
  from space 32768K, 14% used [0x00000000fb580000,0x00000000fba1d6b8,0x00000000fd580000)
  to   space 31744K, 0% used [0x00000000fdd00000,0x00000000fdd00000,0x00000000ffc00000)
 ParOldGen       total 118784K, used 81005K [0x00000000e0000000, 0x00000000e7400000, 0x00000000f5500000)
  object space 118784K, 68% used [0x00000000e0000000,0x00000000e4f1b658,0x00000000e7400000)
 PSPermGen       total 145920K, used 106226K [0x00000000d0000000, 0x00000000d8e80000, 0x00000000e0000000)
  object space 145920K, 72% used [0x00000000d0000000,0x00000000d67bc828,0x00000000d8e80000)
GC Heap History (10 events):
Event: 306.947 GC heap before
{Heap before GC invocations=27 (full 7):
 PSYoungGen      total 95744K, used 95232K [0x00000000f5500000, 0x00000000fff00000, 0x0000000100000000)
  eden space 95232K, 100% used [0x00000000f5500000,0x00000000fb200000,0x00000000fb200000)
  from space 512K, 0% used [0x00000000fb200000,0x00000000fb200000,0x00000000fb280000)
  to   space 39424K, 0% used [0x00000000fd880000,0x00000000fd880000,0x00000000fff00000)
 ParOldGen       total 118784K, used 74707K [0x00000000e0000000, 0x00000000e7400000, 0x00000000f5500000)
  object space 118784K, 62% used [0x00000000e0000000,0x00000000e48f4f70,0x00000000e7400000)
 PSPermGen       total 143872K, used 95218K [0x00000000d0000000, 0x00000000d8c80000, 0x00000000e0000000)
  object space 143872K, 66% used [0x00000000d0000000,0x00000000d5cfca58,0x00000000d8c80000)
Event: 306.958 GC heap after
Heap after GC invocations=27 (full 7):
 PSYoungGen      total 137216K, used 8432K [0x00000000f5500000, 0x0000000100000000, 0x0000000100000000)
  eden space 97792K, 0% used [0x00000000f5500000,0x00000000f5500000,0x00000000fb480000)
  from space 39424K, 21% used [0x00000000fd880000,0x00000000fe0bc0c8,0x00000000fff00000)
  to   space 36864K, 0% used [0x00000000fb480000,0x00000000fb480000,0x00000000fd880000)
 ParOldGen       total 118784K, used 74707K [0x00000000e0000000, 0x00000000e7400000, 0x00000000f5500000)
  object space 118784K, 62% used [0x00000000e0000000,0x00000000e48f4f70,0x00000000e7400000)
 PSPermGen       total 143872K, used 95218K [0x00000000d0000000, 0x00000000d8c80000, 0x00000000e0000000)
  object space 143872K, 66% used [0x00000000d0000000,0x00000000d5cfca58,0x00000000d8c80000)
}
Event: 323.420 GC heap before
{Heap before GC invocations=28 (full 7):
 PSYoungGen      total 137216K, used 106224K [0x00000000f5500000, 0x0000000100000000, 0x0000000100000000)
  eden space 97792K, 100% used [0x00000000f5500000,0x00000000fb480000,0x00000000fb480000)
  from space 39424K, 21% used [0x00000000fd880000,0x00000000fe0bc0c8,0x00000000fff00000)
  to   space 36864K, 0% used [0x00000000fb480000,0x00000000fb480000,0x00000000fd880000)
 ParOldGen       total 118784K, used 74707K [0x00000000e0000000, 0x00000000e7400000, 0x00000000f5500000)
  object space 118784K, 62% used [0x00000000e0000000,0x00000000e48f4f70,0x00000000e7400000)
 PSPermGen       total 143872K, used 99851K [0x00000000d0000000, 0x00000000d8c80000, 0x00000000e0000000)
  object space 143872K, 69% used [0x00000000d0000000,0x00000000d6182d50,0x00000000d8c80000)
Event: 323.433 GC heap after
Heap after GC invocations=28 (full 7):
 PSYoungGen      total 108544K, used 10593K [0x00000000f5500000, 0x00000000ff980000, 0x0000000100000000)
  eden space 97792K, 0% used [0x00000000f5500000,0x00000000f5500000,0x00000000fb480000)
  from space 10752K, 98% used [0x00000000fb480000,0x00000000fbed8460,0x00000000fbf00000)
  to   space 34816K, 0% used [0x00000000fd780000,0x00000000fd780000,0x00000000ff980000)
 ParOldGen       total 118784K, used 74707K [0x00000000e0000000, 0x00000000e7400000, 0x00000000f5500000)
  object space 118784K, 62% used [0x00000000e0000000,0x00000000e48f4f70,0x00000000e7400000)
 PSPermGen       total 143872K, used 99851K [0x00000000d0000000, 0x00000000d8c80000, 0x00000000e0000000)
  object space 143872K, 69% used [0x00000000d0000000,0x00000000d6182d50,0x00000000d8c80000)
}
Event: 334.542 GC heap before
{Heap before GC invocations=29 (full 7):
 PSYoungGen      total 108544K, used 23459K [0x00000000f5500000, 0x00000000ff980000, 0x0000000100000000)
  eden space 97792K, 13% used [0x00000000f5500000,0x00000000f6190a80,0x00000000fb480000)
  from space 10752K, 98% used [0x00000000fb480000,0x00000000fbed8460,0x00000000fbf00000)
  to   space 34816K, 0% used [0x00000000fd780000,0x00000000fd780000,0x00000000ff980000)
 ParOldGen       total 118784K, used 74707K [0x00000000e0000000, 0x00000000e7400000, 0x00000000f5500000)
  object space 118784K, 62% used [0x00000000e0000000,0x00000000e48f4f70,0x00000000e7400000)
 PSPermGen       total 143872K, used 100026K [0x00000000d0000000, 0x00000000d8c80000, 0x00000000e0000000)
  object space 143872K, 69% used [0x00000000d0000000,0x00000000d61ae888,0x00000000d8c80000)
Event: 334.563 GC heap after
Heap after GC invocations=29 (full 7):
 PSYoungGen      total 129536K, used 7112K [0x00000000f5500000, 0x00000000ff580000, 0x0000000100000000)
  eden space 98816K, 0% used [0x00000000f5500000,0x00000000f5500000,0x00000000fb580000)
  from space 30720K, 23% used [0x00000000fd780000,0x00000000fde72130,0x00000000ff580000)
  to   space 32768K, 0% used [0x00000000fb580000,0x00000000fb580000,0x00000000fd580000)
 ParOldGen       total 118784K, used 74715K [0x00000000e0000000, 0x00000000e7400000, 0x00000000f5500000)
  object space 118784K, 62% used [0x00000000e0000000,0x00000000e48f6f70,0x00000000e7400000)
 PSPermGen       total 143872K, used 100026K [0x00000000d0000000, 0x00000000d8c80000, 0x00000000e0000000)
  object space 143872K, 69% used [0x00000000d0000000,0x00000000d61ae888,0x00000000d8c80000)
}
Event: 334.563 GC heap before
{Heap before GC invocations=30 (full 8):
 PSYoungGen      total 129536K, used 7112K [0x00000000f5500000, 0x00000000ff580000, 0x0000000100000000)
  eden space 98816K, 0% used [0x00000000f5500000,0x00000000f5500000,0x00000000fb580000)
  from space 30720K, 23% used [0x00000000fd780000,0x00000000fde72130,0x00000000ff580000)
  to   space 32768K, 0% used [0x00000000fb580000,0x00000000fb580000,0x00000000fd580000)
 ParOldGen       total 118784K, used 74715K [0x00000000e0000000, 0x00000000e7400000, 0x00000000f5500000)
  object space 118784K, 62% used [0x00000000e0000000,0x00000000e48f6f70,0x00000000e7400000)
 PSPermGen       total 143872K, used 100026K [0x00000000d0000000, 0x00000000d8c80000, 0x00000000e0000000)
  object space 143872K, 69% used [0x00000000d0000000,0x00000000d61ae888,0x00000000d8c80000)
Event: 335.139 GC heap after
Heap after GC invocations=30 (full 8):
 PSYoungGen      total 129536K, used 0K [0x00000000f5500000, 0x00000000ff580000, 0x0000000100000000)
  eden space 98816K, 0% used [0x00000000f5500000,0x00000000f5500000,0x00000000fb580000)
  from space 30720K, 0% used [0x00000000fd780000,0x00000000fd780000,0x00000000ff580000)
  to   space 32768K, 0% used [0x00000000fb580000,0x00000000fb580000,0x00000000fd580000)
 ParOldGen       total 118784K, used 81005K [0x00000000e0000000, 0x00000000e7400000, 0x00000000f5500000)
  object space 118784K, 68% used [0x00000000e0000000,0x00000000e4f1b658,0x00000000e7400000)
 PSPermGen       total 145920K, used 100015K [0x00000000d0000000, 0x00000000d8e80000, 0x00000000e0000000)
  object space 145920K, 68% used [0x00000000d0000000,0x00000000d61abe38,0x00000000d8e80000)
}
Event: 367.739 GC heap before
{Heap before GC invocations=31 (full 8):
 PSYoungGen      total 129536K, used 98816K [0x00000000f5500000, 0x00000000ff580000, 0x0000000100000000)
  eden space 98816K, 100% used [0x00000000f5500000,0x00000000fb580000,0x00000000fb580000)
  from space 30720K, 0% used [0x00000000fd780000,0x00000000fd780000,0x00000000ff580000)
  to   space 32768K, 0% used [0x00000000fb580000,0x00000000fb580000,0x00000000fd580000)
 ParOldGen       total 118784K, used 81005K [0x00000000e0000000, 0x00000000e7400000, 0x00000000f5500000)
  object space 118784K, 68% used [0x00000000e0000000,0x00000000e4f1b658,0x00000000e7400000)
 PSPermGen       total 145920K, used 102844K [0x00000000d0000000, 0x00000000d8e80000, 0x00000000e0000000)
  object space 145920K, 70% used [0x00000000d0000000,0x00000000d646f258,0x00000000d8e80000)
Event: 367.753 GC heap after
Heap after GC invocations=31 (full 8):
 PSYoungGen      total 131584K, used 4725K [0x00000000f5500000, 0x00000000ffc00000, 0x0000000100000000)
  eden space 98816K, 0% used [0x00000000f5500000,0x00000000f5500000,0x00000000fb580000)
  from space 32768K, 14% used [0x00000000fb580000,0x00000000fba1d6b8,0x00000000fd580000)
  to   space 31744K, 0% used [0x00000000fdd00000,0x00000000fdd00000,0x00000000ffc00000)
 ParOldGen       total 118784K, used 81005K [0x00000000e0000000, 0x00000000e7400000, 0x00000000f5500000)
  object space 118784K, 68% used [0x00000000e0000000,0x00000000e4f1b658,0x00000000e7400000)
 PSPermGen       total 145920K, used 102844K [0x00000000d0000000, 0x00000000d8e80000, 0x00000000e0000000)
  object space 145920K, 70% used [0x00000000d0000000,0x00000000d646f258,0x00000000d8e80000)
}

