# JRE version: Java(TM) SE Runtime Environment (7.0_40-b43) (build 1.7.0_40-b43)
# Java VM: Java HotSpot(TM) 64-Bit Server VM (24.0-b56 mixed mode linux-amd64 compressed oops)
Heap
 PSYoungGen      total 110592K, used 19526K [0x00000000f5500000, 0x00000000ff280000, 0x0000000100000000)
  eden space 62976K, 31% used [0x00000000f5500000,0x00000000f6811800,0x00000000f9280000)
  from space 47616K, 0% used [0x00000000fc400000,0x00000000fc400000,0x00000000ff280000)
  to   space 49152K, 0% used [0x00000000f9280000,0x00000000f9280000,0x00000000fc280000)
 ParOldGen       total 126464K, used 72672K [0x00000000e0000000, 0x00000000e7b80000, 0x00000000f5500000)
  object space 126464K, 57% used [0x00000000e0000000,0x00000000e46f82b8,0x00000000e7b80000)
 PSPermGen       total 160256K, used 114525K [0x00000000d0000000, 0x00000000d9c80000, 0x00000000e0000000)
  object space 160256K, 71% used [0x00000000d0000000,0x00000000d6fd7748,0x00000000d9c80000)
GC Heap History (10 events):
Event: 425.753 GC heap before
{Heap before GC invocations=42 (full 8):
 PSYoungGen      total 114176K, used 33770K [0x00000000f5500000, 0x00000000ffb80000, 0x0000000100000000)
  eden space 58368K, 56% used [0x00000000f5500000,0x00000000f755cd40,0x00000000f8e00000)
  from space 55808K, 1% used [0x00000000f8e00000,0x00000000f8e9dae8,0x00000000fc480000)
  to   space 54784K, 0% used [0x00000000fc600000,0x00000000fc600000,0x00000000ffb80000)
 ParOldGen       total 126464K, used 86576K [0x00000000e0000000, 0x00000000e7b80000, 0x00000000f5500000)
  object space 126464K, 68% used [0x00000000e0000000,0x00000000e548c248,0x00000000e7b80000)
 PSPermGen       total 171520K, used 114453K [0x00000000d0000000, 0x00000000da780000, 0x00000000e0000000)
  object space 171520K, 66% used [0x00000000d0000000,0x00000000d6fc57e0,0x00000000da780000)
Event: 425.768 GC heap after
Heap after GC invocations=42 (full 8):
 PSYoungGen      total 111616K, used 2240K [0x00000000f5500000, 0x00000000ff780000, 0x0000000100000000)
  eden space 60928K, 0% used [0x00000000f5500000,0x00000000f5500000,0x00000000f9080000)
  from space 50688K, 4% used [0x00000000fc600000,0x00000000fc830000,0x00000000ff780000)
  to   space 52736K, 0% used [0x00000000f9080000,0x00000000f9080000,0x00000000fc400000)
 ParOldGen       total 126464K, used 86576K [0x00000000e0000000, 0x00000000e7b80000, 0x00000000f5500000)
  object space 126464K, 68% used [0x00000000e0000000,0x00000000e548c248,0x00000000e7b80000)
 PSPermGen       total 171520K, used 114453K [0x00000000d0000000, 0x00000000da780000, 0x00000000e0000000)
  object space 171520K, 66% used [0x00000000d0000000,0x00000000d6fc57e0,0x00000000da780000)
}
Event: 425.768 GC heap before
{Heap before GC invocations=43 (full 9):
 PSYoungGen      total 111616K, used 2240K [0x00000000f5500000, 0x00000000ff780000, 0x0000000100000000)
  eden space 60928K, 0% used [0x00000000f5500000,0x00000000f5500000,0x00000000f9080000)
  from space 50688K, 4% used [0x00000000fc600000,0x00000000fc830000,0x00000000ff780000)
  to   space 52736K, 0% used [0x00000000f9080000,0x00000000f9080000,0x00000000fc400000)
 ParOldGen       total 126464K, used 86576K [0x00000000e0000000, 0x00000000e7b80000, 0x00000000f5500000)
  object space 126464K, 68% used [0x00000000e0000000,0x00000000e548c248,0x00000000e7b80000)
 PSPermGen       total 171520K, used 114453K [0x00000000d0000000, 0x00000000da780000, 0x00000000e0000000)
  object space 171520K, 66% used [0x00000000d0000000,0x00000000d6fc57e0,0x00000000da780000)
Event: 426.174 GC heap after
Heap after GC invocations=43 (full 9):
 PSYoungGen      total 111616K, used 0K [0x00000000f5500000, 0x00000000ff780000, 0x0000000100000000)
  eden space 60928K, 0% used [0x00000000f5500000,0x00000000f5500000,0x00000000f9080000)
  from space 50688K, 0% used [0x00000000fc600000,0x00000000fc600000,0x00000000ff780000)
  to   space 52736K, 0% used [0x00000000f9080000,0x00000000f9080000,0x00000000fc400000)
 ParOldGen       total 126464K, used 85478K [0x00000000e0000000, 0x00000000e7b80000, 0x00000000f5500000)
  object space 126464K, 67% used [0x00000000e0000000,0x00000000e53798d0,0x00000000e7b80000)
 PSPermGen       total 165888K, used 114453K [0x00000000d0000000, 0x00000000da200000, 0x00000000e0000000)
  object space 165888K, 68% used [0x00000000d0000000,0x00000000d6fc5420,0x00000000da200000)
}
Event: 472.066 GC heap before
{Heap before GC invocations=44 (full 9):
 PSYoungGen      total 111616K, used 60928K [0x00000000f5500000, 0x00000000ff780000, 0x0000000100000000)
  eden space 60928K, 100% used [0x00000000f5500000,0x00000000f9080000,0x00000000f9080000)
  from space 50688K, 0% used [0x00000000fc600000,0x00000000fc600000,0x00000000ff780000)
  to   space 52736K, 0% used [0x00000000f9080000,0x00000000f9080000,0x00000000fc400000)
 ParOldGen       total 126464K, used 85478K [0x00000000e0000000, 0x00000000e7b80000, 0x00000000f5500000)
  object space 126464K, 67% used [0x00000000e0000000,0x00000000e53798d0,0x00000000e7b80000)
 PSPermGen       total 165888K, used 114541K [0x00000000d0000000, 0x00000000da200000, 0x00000000e0000000)
  object space 165888K, 69% used [0x00000000d0000000,0x00000000d6fdb7e8,0x00000000da200000)
Event: 472.074 GC heap after
Heap after GC invocations=44 (full 9):
 PSYoungGen      total 113664K, used 1188K [0x00000000f5500000, 0x00000000ff580000, 0x0000000100000000)
  eden space 60928K, 0% used [0x00000000f5500000,0x00000000f5500000,0x00000000f9080000)
  from space 52736K, 2% used [0x00000000f9080000,0x00000000f91a9010,0x00000000fc400000)
  to   space 50688K, 0% used [0x00000000fc400000,0x00000000fc400000,0x00000000ff580000)
 ParOldGen       total 126464K, used 85478K [0x00000000e0000000, 0x00000000e7b80000, 0x00000000f5500000)
  object space 126464K, 67% used [0x00000000e0000000,0x00000000e53798d0,0x00000000e7b80000)
 PSPermGen       total 165888K, used 114541K [0x00000000d0000000, 0x00000000da200000, 0x00000000e0000000)
  object space 165888K, 69% used [0x00000000d0000000,0x00000000d6fdb7e8,0x00000000da200000)
}
Event: 490.786 GC heap before
{Heap before GC invocations=45 (full 9):
 PSYoungGen      total 113664K, used 17909K [0x00000000f5500000, 0x00000000ff580000, 0x0000000100000000)
  eden space 60928K, 27% used [0x00000000f5500000,0x00000000f6554740,0x00000000f9080000)
  from space 52736K, 2% used [0x00000000f9080000,0x00000000f91a9010,0x00000000fc400000)
  to   space 50688K, 0% used [0x00000000fc400000,0x00000000fc400000,0x00000000ff580000)
 ParOldGen       total 126464K, used 85478K [0x00000000e0000000, 0x00000000e7b80000, 0x00000000f5500000)
  object space 126464K, 67% used [0x00000000e0000000,0x00000000e53798d0,0x00000000e7b80000)
 PSPermGen       total 165888K, used 114550K [0x00000000d0000000, 0x00000000da200000, 0x00000000e0000000)
  object space 165888K, 69% used [0x00000000d0000000,0x00000000d6fddbe0,0x00000000da200000)
Event: 490.796 GC heap after
Heap after GC invocations=45 (full 9):
 PSYoungGen      total 110592K, used 1232K [0x00000000f5500000, 0x00000000ff280000, 0x0000000100000000)
  eden space 62976K, 0% used [0x00000000f5500000,0x00000000f5500000,0x00000000f9280000)
  from space 47616K, 2% used [0x00000000fc400000,0x00000000fc534010,0x00000000ff280000)
  to   space 49152K, 0% used [0x00000000f9280000,0x00000000f9280000,0x00000000fc280000)
 ParOldGen       total 126464K, used 85478K [0x00000000e0000000, 0x00000000e7b80000, 0x00000000f5500000)
  object space 126464K, 67% used [0x00000000e0000000,0x00000000e53798d0,0x00000000e7b80000)
 PSPermGen       total 165888K, used 114550K [0x00000000d0000000, 0x00000000da200000, 0x00000000e0000000)
  object space 165888K, 69% used [0x00000000d0000000,0x00000000d6fddbe0,0x00000000da200000)
}
Event: 490.796 GC heap before
{Heap before GC invocations=46 (full 10):
 PSYoungGen      total 110592K, used 1232K [0x00000000f5500000, 0x00000000ff280000, 0x0000000100000000)
  eden space 62976K, 0% used [0x00000000f5500000,0x00000000f5500000,0x00000000f9280000)
  from space 47616K, 2% used [0x00000000fc400000,0x00000000fc534010,0x00000000ff280000)
  to   space 49152K, 0% used [0x00000000f9280000,0x00000000f9280000,0x00000000fc280000)
 ParOldGen       total 126464K, used 85478K [0x00000000e0000000, 0x00000000e7b80000, 0x00000000f5500000)
  object space 126464K, 67% used [0x00000000e0000000,0x00000000e53798d0,0x00000000e7b80000)
 PSPermGen       total 165888K, used 114550K [0x00000000d0000000, 0x00000000da200000, 0x00000000e0000000)
  object space 165888K, 69% used [0x00000000d0000000,0x00000000d6fddbe0,0x00000000da200000)
Event: 491.280 GC heap after
Heap after GC invocations=46 (full 10):
 PSYoungGen      total 110592K, used 0K [0x00000000f5500000, 0x00000000ff280000, 0x0000000100000000)
  eden space 62976K, 0% used [0x00000000f5500000,0x00000000f5500000,0x00000000f9280000)
  from space 47616K, 0% used [0x00000000fc400000,0x00000000fc400000,0x00000000ff280000)
  to   space 49152K, 0% used [0x00000000f9280000,0x00000000f9280000,0x00000000fc280000)
 ParOldGen       total 126464K, used 72672K [0x00000000e0000000, 0x00000000e7b80000, 0x00000000f5500000)
  object space 126464K, 57% used [0x00000000e0000000,0x00000000e46f82b8,0x00000000e7b80000)
 PSPermGen       total 160256K, used 114520K [0x00000000d0000000, 0x00000000d9c80000, 0x00000000e0000000)
  object space 160256K, 71% used [0x00000000d0000000,0x00000000d6fd6128,0x00000000d9c80000)
}

