# JRE version: Java(TM) SE Runtime Environment (7.0_40-b43) (build 1.7.0_40-b43)
# Java VM: Java HotSpot(TM) 64-Bit Server VM (24.0-b56 mixed mode linux-amd64 compressed oops)
Heap
 PSYoungGen      total 89088K, used 74230K [0x00000000f5500000, 0x00000000ffc00000, 0x0000000100000000)
  eden space 58368K, 74% used [0x00000000f5500000,0x00000000f7fb76a0,0x00000000f8e00000)
  from space 30720K, 99% used [0x00000000f8e00000,0x00000000fabc6370,0x00000000fac00000)
  to   space 55808K, 0% used [0x00000000fc580000,0x00000000fc580000,0x00000000ffc00000)
 ParOldGen       total 79872K, used 61967K [0x00000000e0000000, 0x00000000e4e00000, 0x00000000f5500000)
  object space 79872K, 77% used [0x00000000e0000000,0x00000000e3c83c08,0x00000000e4e00000)
 PSPermGen       total 108032K, used 107567K [0x00000000d0000000, 0x00000000d6980000, 0x00000000e0000000)
  object space 108032K, 99% used [0x00000000d0000000,0x00000000d690bca0,0x00000000d6980000)
GC Heap History (10 events):
Event: 21.674 GC heap before
{Heap before GC invocations=21 (full 2):
 PSYoungGen      total 108544K, used 108513K [0x00000000f5500000, 0x0000000100000000, 0x0000000100000000)
  eden space 59392K, 100% used [0x00000000f5500000,0x00000000f8f00000,0x00000000f8f00000)
  from space 49152K, 99% used [0x00000000fd000000,0x00000000ffff8688,0x0000000100000000)
  to   space 57856K, 0% used [0x00000000f8f00000,0x00000000f8f00000,0x00000000fc780000)
 ParOldGen       total 79872K, used 46325K [0x00000000e0000000, 0x00000000e4e00000, 0x00000000f5500000)
  object space 79872K, 57% used [0x00000000e0000000,0x00000000e2d3d4c8,0x00000000e4e00000)
 PSPermGen       total 94208K, used 94098K [0x00000000d0000000, 0x00000000d5c00000, 0x00000000e0000000)
  object space 94208K, 99% used [0x00000000d0000000,0x00000000d5be4ad8,0x00000000d5c00000)
Event: 21.718 GC heap after
Heap after GC invocations=21 (full 2):
 PSYoungGen      total 99328K, used 39797K [0x00000000f5500000, 0x0000000100000000, 0x0000000100000000)
  eden space 59392K, 0% used [0x00000000f5500000,0x00000000f5500000,0x00000000f8f00000)
  from space 39936K, 99% used [0x00000000f8f00000,0x00000000fb5dd6d0,0x00000000fb600000)
  to   space 58368K, 0% used [0x00000000fc700000,0x00000000fc700000,0x0000000100000000)
 ParOldGen       total 79872K, used 46325K [0x00000000e0000000, 0x00000000e4e00000, 0x00000000f5500000)
  object space 79872K, 57% used [0x00000000e0000000,0x00000000e2d3d4c8,0x00000000e4e00000)
 PSPermGen       total 94208K, used 94098K [0x00000000d0000000, 0x00000000d5c00000, 0x00000000e0000000)
  object space 94208K, 99% used [0x00000000d0000000,0x00000000d5be4ad8,0x00000000d5c00000)
}
Event: 41.886 GC heap before
{Heap before GC invocations=22 (full 2):
 PSYoungGen      total 99328K, used 99189K [0x00000000f5500000, 0x0000000100000000, 0x0000000100000000)
  eden space 59392K, 100% used [0x00000000f5500000,0x00000000f8f00000,0x00000000f8f00000)
  from space 39936K, 99% used [0x00000000f8f00000,0x00000000fb5dd6d0,0x00000000fb600000)
  to   space 58368K, 0% used [0x00000000fc700000,0x00000000fc700000,0x0000000100000000)
 ParOldGen       total 79872K, used 46325K [0x00000000e0000000, 0x00000000e4e00000, 0x00000000f5500000)
  object space 79872K, 57% used [0x00000000e0000000,0x00000000e2d3d4c8,0x00000000e4e00000)
 PSPermGen       total 96256K, used 96016K [0x00000000d0000000, 0x00000000d5e00000, 0x00000000e0000000)
  object space 96256K, 99% used [0x00000000d0000000,0x00000000d5dc4358,0x00000000d5e00000)
Event: 41.929 GC heap after
Heap after GC invocations=22 (full 2):
 PSYoungGen      total 116736K, used 36749K [0x00000000f5500000, 0x0000000100000000, 0x0000000100000000)
  eden space 58368K, 0% used [0x00000000f5500000,0x00000000f5500000,0x00000000f8e00000)
  from space 58368K, 62% used [0x00000000fc700000,0x00000000feae35c0,0x0000000100000000)
  to   space 58368K, 0% used [0x00000000f8e00000,0x00000000f8e00000,0x00000000fc700000)
 ParOldGen       total 79872K, used 50870K [0x00000000e0000000, 0x00000000e4e00000, 0x00000000f5500000)
  object space 79872K, 63% used [0x00000000e0000000,0x00000000e31adbf0,0x00000000e4e00000)
 PSPermGen       total 96256K, used 96016K [0x00000000d0000000, 0x00000000d5e00000, 0x00000000e0000000)
  object space 96256K, 99% used [0x00000000d0000000,0x00000000d5dc4358,0x00000000d5e00000)
}
Event: 59.641 GC heap before
{Heap before GC invocations=23 (full 2):
 PSYoungGen      total 116736K, used 95117K [0x00000000f5500000, 0x0000000100000000, 0x0000000100000000)
  eden space 58368K, 100% used [0x00000000f5500000,0x00000000f8e00000,0x00000000f8e00000)
  from space 58368K, 62% used [0x00000000fc700000,0x00000000feae35c0,0x0000000100000000)
  to   space 58368K, 0% used [0x00000000f8e00000,0x00000000f8e00000,0x00000000fc700000)
 ParOldGen       total 79872K, used 50870K [0x00000000e0000000, 0x00000000e4e00000, 0x00000000f5500000)
  object space 79872K, 63% used [0x00000000e0000000,0x00000000e31adbf0,0x00000000e4e00000)
 PSPermGen       total 98816K, used 98474K [0x00000000d0000000, 0x00000000d6080000, 0x00000000e0000000)
  object space 98816K, 99% used [0x00000000d0000000,0x00000000d602ab20,0x00000000d6080000)
Event: 59.681 GC heap after
Heap after GC invocations=23 (full 2):
 PSYoungGen      total 86016K, used 27288K [0x00000000f5500000, 0x00000000fff00000, 0x0000000100000000)
  eden space 58368K, 0% used [0x00000000f5500000,0x00000000f5500000,0x00000000f8e00000)
  from space 27648K, 98% used [0x00000000f8e00000,0x00000000fa8a6378,0x00000000fa900000)
  to   space 57856K, 0% used [0x00000000fc680000,0x00000000fc680000,0x00000000fff00000)
 ParOldGen       total 79872K, used 61951K [0x00000000e0000000, 0x00000000e4e00000, 0x00000000f5500000)
  object space 79872K, 77% used [0x00000000e0000000,0x00000000e3c7fc08,0x00000000e4e00000)
 PSPermGen       total 98816K, used 98474K [0x00000000d0000000, 0x00000000d6080000, 0x00000000e0000000)
  object space 98816K, 99% used [0x00000000d0000000,0x00000000d602ab20,0x00000000d6080000)
}
Event: 71.754 GC heap before
{Heap before GC invocations=24 (full 2):
 PSYoungGen      total 86016K, used 85656K [0x00000000f5500000, 0x00000000fff00000, 0x0000000100000000)
  eden space 58368K, 100% used [0x00000000f5500000,0x00000000f8e00000,0x00000000f8e00000)
  from space 27648K, 98% used [0x00000000f8e00000,0x00000000fa8a6378,0x00000000fa900000)
  to   space 57856K, 0% used [0x00000000fc680000,0x00000000fc680000,0x00000000fff00000)
 ParOldGen       total 79872K, used 61951K [0x00000000e0000000, 0x00000000e4e00000, 0x00000000f5500000)
  object space 79872K, 77% used [0x00000000e0000000,0x00000000e3c7fc08,0x00000000e4e00000)
 PSPermGen       total 104448K, used 104168K [0x00000000d0000000, 0x00000000d6600000, 0x00000000e0000000)
  object space 104448K, 99% used [0x00000000d0000000,0x00000000d65ba2a8,0x00000000d6600000)
Event: 71.790 GC heap after
Heap after GC invocations=24 (full 2):
 PSYoungGen      total 116224K, used 35027K [0x00000000f5500000, 0x0000000100000000, 0x0000000100000000)
  eden space 58368K, 0% used [0x00000000f5500000,0x00000000f5500000,0x00000000f8e00000)
  from space 57856K, 60% used [0x00000000fc680000,0x00000000fe8b4da8,0x00000000fff00000)
  to   space 57856K, 0% used [0x00000000f8e00000,0x00000000f8e00000,0x00000000fc680000)
 ParOldGen       total 79872K, used 61959K [0x00000000e0000000, 0x00000000e4e00000, 0x00000000f5500000)
  object space 79872K, 77% used [0x00000000e0000000,0x00000000e3c81c08,0x00000000e4e00000)
 PSPermGen       total 104448K, used 104168K [0x00000000d0000000, 0x00000000d6600000, 0x00000000e0000000)
  object space 104448K, 99% used [0x00000000d0000000,0x00000000d65ba2a8,0x00000000d6600000)
}
Event: 88.611 GC heap before
{Heap before GC invocations=25 (full 2):
 PSYoungGen      total 116224K, used 93395K [0x00000000f5500000, 0x0000000100000000, 0x0000000100000000)
  eden space 58368K, 100% used [0x00000000f5500000,0x00000000f8e00000,0x00000000f8e00000)
  from space 57856K, 60% used [0x00000000fc680000,0x00000000fe8b4da8,0x00000000fff00000)
  to   space 57856K, 0% used [0x00000000f8e00000,0x00000000f8e00000,0x00000000fc680000)
 ParOldGen       total 79872K, used 61959K [0x00000000e0000000, 0x00000000e4e00000, 0x00000000f5500000)
  object space 79872K, 77% used [0x00000000e0000000,0x00000000e3c81c08,0x00000000e4e00000)
 PSPermGen       total 105472K, used 105173K [0x00000000d0000000, 0x00000000d6700000, 0x00000000e0000000)
  object space 105472K, 99% used [0x00000000d0000000,0x00000000d66b5728,0x00000000d6700000)
Event: 88.642 GC heap after
Heap after GC invocations=25 (full 2):
 PSYoungGen      total 89088K, used 30488K [0x00000000f5500000, 0x00000000ffc00000, 0x0000000100000000)
  eden space 58368K, 0% used [0x00000000f5500000,0x00000000f5500000,0x00000000f8e00000)
  from space 30720K, 99% used [0x00000000f8e00000,0x00000000fabc6370,0x00000000fac00000)
  to   space 55808K, 0% used [0x00000000fc580000,0x00000000fc580000,0x00000000ffc00000)
 ParOldGen       total 79872K, used 61967K [0x00000000e0000000, 0x00000000e4e00000, 0x00000000f5500000)
  object space 79872K, 77% used [0x00000000e0000000,0x00000000e3c83c08,0x00000000e4e00000)
 PSPermGen       total 105472K, used 105173K [0x00000000d0000000, 0x00000000d6700000, 0x00000000e0000000)
  object space 105472K, 99% used [0x00000000d0000000,0x00000000d66b5728,0x00000000d6700000)
}

