# JRE version: Java(TM) SE Runtime Environment (7.0_40-b43) (build 1.7.0_40-b43)
# Java VM: Java HotSpot(TM) 64-Bit Server VM (24.0-b56 mixed mode linux-amd64 compressed oops)
Heap
 PSYoungGen      total 102912K, used 43171K [0x00000000f5500000, 0x00000000fd000000, 0x0000000100000000)
  eden space 87040K, 36% used [0x00000000f5500000,0x00000000f73f6118,0x00000000faa00000)
  from space 15872K, 72% used [0x00000000fc080000,0x00000000fcbb2e30,0x00000000fd000000)
  to   space 19456K, 0% used [0x00000000faa00000,0x00000000faa00000,0x00000000fbd00000)
 ParOldGen       total 113152K, used 79168K [0x00000000e0000000, 0x00000000e6e80000, 0x00000000f5500000)
  object space 113152K, 69% used [0x00000000e0000000,0x00000000e4d50230,0x00000000e6e80000)
 PSPermGen       total 119808K, used 119633K [0x00000000d0000000, 0x00000000d7500000, 0x00000000e0000000)
  object space 119808K, 99% used [0x00000000d0000000,0x00000000d74d4538,0x00000000d7500000)
GC Heap History (10 events):
Event: 4526.822 GC heap before
{Heap before GC invocations=135 (full 55):
 PSYoungGen      total 115200K, used 114919K [0x00000000f5500000, 0x00000000fdf80000, 0x0000000100000000)
  eden space 103936K, 100% used [0x00000000f5500000,0x00000000fba80000,0x00000000fba80000)
  from space 11264K, 97% used [0x00000000fbe80000,0x00000000fc939d00,0x00000000fc980000)
  to   space 18944K, 0% used [0x00000000fcd00000,0x00000000fcd00000,0x00000000fdf80000)
 ParOldGen       total 113152K, used 79168K [0x00000000e0000000, 0x00000000e6e80000, 0x00000000f5500000)
  object space 113152K, 69% used [0x00000000e0000000,0x00000000e4d50230,0x00000000e6e80000)
 PSPermGen       total 119296K, used 118865K [0x00000000d0000000, 0x00000000d7480000, 0x00000000e0000000)
  object space 119296K, 99% used [0x00000000d0000000,0x00000000d74145f8,0x00000000d7480000)
Event: 4526.836 GC heap after
Heap after GC invocations=135 (full 55):
 PSYoungGen      total 116736K, used 11572K [0x00000000f5500000, 0x00000000fdd00000, 0x0000000100000000)
  eden space 100352K, 0% used [0x00000000f5500000,0x00000000f5500000,0x00000000fb700000)
  from space 16384K, 70% used [0x00000000fcd00000,0x00000000fd84d368,0x00000000fdd00000)
  to   space 19456K, 0% used [0x00000000fb700000,0x00000000fb700000,0x00000000fca00000)
 ParOldGen       total 113152K, used 79168K [0x00000000e0000000, 0x00000000e6e80000, 0x00000000f5500000)
  object space 113152K, 69% used [0x00000000e0000000,0x00000000e4d50230,0x00000000e6e80000)
 PSPermGen       total 119296K, used 118865K [0x00000000d0000000, 0x00000000d7480000, 0x00000000e0000000)
  object space 119296K, 99% used [0x00000000d0000000,0x00000000d74145f8,0x00000000d7480000)
}
Event: 4570.327 GC heap before
{Heap before GC invocations=136 (full 55):
 PSYoungGen      total 116736K, used 111924K [0x00000000f5500000, 0x00000000fdd00000, 0x0000000100000000)
  eden space 100352K, 100% used [0x00000000f5500000,0x00000000fb700000,0x00000000fb700000)
  from space 16384K, 70% used [0x00000000fcd00000,0x00000000fd84d368,0x00000000fdd00000)
  to   space 19456K, 0% used [0x00000000fb700000,0x00000000fb700000,0x00000000fca00000)
 ParOldGen       total 113152K, used 79168K [0x00000000e0000000, 0x00000000e6e80000, 0x00000000f5500000)
  object space 113152K, 69% used [0x00000000e0000000,0x00000000e4d50230,0x00000000e6e80000)
 PSPermGen       total 119296K, used 118936K [0x00000000d0000000, 0x00000000d7480000, 0x00000000e0000000)
  object space 119296K, 99% used [0x00000000d0000000,0x00000000d7426280,0x00000000d7480000)
Event: 4570.342 GC heap after
Heap after GC invocations=136 (full 55):
 PSYoungGen      total 108544K, used 11509K [0x00000000f5500000, 0x00000000fd980000, 0x0000000100000000)
  eden space 96768K, 0% used [0x00000000f5500000,0x00000000f5500000,0x00000000fb380000)
  from space 11776K, 97% used [0x00000000fb700000,0x00000000fc23d780,0x00000000fc280000)
  to   space 19456K, 0% used [0x00000000fc680000,0x00000000fc680000,0x00000000fd980000)
 ParOldGen       total 113152K, used 79168K [0x00000000e0000000, 0x00000000e6e80000, 0x00000000f5500000)
  object space 113152K, 69% used [0x00000000e0000000,0x00000000e4d50230,0x00000000e6e80000)
 PSPermGen       total 119296K, used 118936K [0x00000000d0000000, 0x00000000d7480000, 0x00000000e0000000)
  object space 119296K, 99% used [0x00000000d0000000,0x00000000d7426280,0x00000000d7480000)
}
Event: 4601.930 GC heap before
{Heap before GC invocations=137 (full 55):
 PSYoungGen      total 108544K, used 108277K [0x00000000f5500000, 0x00000000fd980000, 0x0000000100000000)
  eden space 96768K, 100% used [0x00000000f5500000,0x00000000fb380000,0x00000000fb380000)
  from space 11776K, 97% used [0x00000000fb700000,0x00000000fc23d780,0x00000000fc280000)
  to   space 19456K, 0% used [0x00000000fc680000,0x00000000fc680000,0x00000000fd980000)
 ParOldGen       total 113152K, used 79168K [0x00000000e0000000, 0x00000000e6e80000, 0x00000000f5500000)
  object space 113152K, 69% used [0x00000000e0000000,0x00000000e4d50230,0x00000000e6e80000)
 PSPermGen       total 119296K, used 118970K [0x00000000d0000000, 0x00000000d7480000, 0x00000000e0000000)
  object space 119296K, 99% used [0x00000000d0000000,0x00000000d742ea00,0x00000000d7480000)
Event: 4601.945 GC heap after
Heap after GC invocations=137 (full 55):
 PSYoungGen      total 110080K, used 11863K [0x00000000f5500000, 0x00000000fd700000, 0x0000000100000000)
  eden space 93184K, 0% used [0x00000000f5500000,0x00000000f5500000,0x00000000fb000000)
  from space 16896K, 70% used [0x00000000fc680000,0x00000000fd215fe0,0x00000000fd700000)
  to   space 19968K, 0% used [0x00000000fb000000,0x00000000fb000000,0x00000000fc380000)
 ParOldGen       total 113152K, used 79168K [0x00000000e0000000, 0x00000000e6e80000, 0x00000000f5500000)
  object space 113152K, 69% used [0x00000000e0000000,0x00000000e4d50230,0x00000000e6e80000)
 PSPermGen       total 119296K, used 118970K [0x00000000d0000000, 0x00000000d7480000, 0x00000000e0000000)
  object space 119296K, 99% used [0x00000000d0000000,0x00000000d742ea00,0x00000000d7480000)
}
Event: 4657.157 GC heap before
{Heap before GC invocations=138 (full 55):
 PSYoungGen      total 110080K, used 105047K [0x00000000f5500000, 0x00000000fd700000, 0x0000000100000000)
  eden space 93184K, 100% used [0x00000000f5500000,0x00000000fb000000,0x00000000fb000000)
  from space 16896K, 70% used [0x00000000fc680000,0x00000000fd215fe0,0x00000000fd700000)
  to   space 19968K, 0% used [0x00000000fb000000,0x00000000fb000000,0x00000000fc380000)
 ParOldGen       total 113152K, used 79168K [0x00000000e0000000, 0x00000000e6e80000, 0x00000000f5500000)
  object space 113152K, 69% used [0x00000000e0000000,0x00000000e4d50230,0x00000000e6e80000)
 PSPermGen       total 119296K, used 118985K [0x00000000d0000000, 0x00000000d7480000, 0x00000000e0000000)
  object space 119296K, 99% used [0x00000000d0000000,0x00000000d7432600,0x00000000d7480000)
Event: 4657.177 GC heap after
Heap after GC invocations=138 (full 55):
 PSYoungGen      total 102400K, used 11965K [0x00000000f5500000, 0x00000000fd400000, 0x0000000100000000)
  eden space 90112K, 0% used [0x00000000f5500000,0x00000000f5500000,0x00000000fad00000)
  from space 12288K, 97% used [0x00000000fb000000,0x00000000fbbaf7a8,0x00000000fbc00000)
  to   space 19968K, 0% used [0x00000000fc080000,0x00000000fc080000,0x00000000fd400000)
 ParOldGen       total 113152K, used 79168K [0x00000000e0000000, 0x00000000e6e80000, 0x00000000f5500000)
  object space 113152K, 69% used [0x00000000e0000000,0x00000000e4d50230,0x00000000e6e80000)
 PSPermGen       total 119296K, used 118985K [0x00000000d0000000, 0x00000000d7480000, 0x00000000e0000000)
  object space 119296K, 99% used [0x00000000d0000000,0x00000000d7432600,0x00000000d7480000)
}
Event: 4678.499 GC heap before
{Heap before GC invocations=139 (full 55):
 PSYoungGen      total 102400K, used 102077K [0x00000000f5500000, 0x00000000fd400000, 0x0000000100000000)
  eden space 90112K, 100% used [0x00000000f5500000,0x00000000fad00000,0x00000000fad00000)
  from space 12288K, 97% used [0x00000000fb000000,0x00000000fbbaf7a8,0x00000000fbc00000)
  to   space 19968K, 0% used [0x00000000fc080000,0x00000000fc080000,0x00000000fd400000)
 ParOldGen       total 113152K, used 79168K [0x00000000e0000000, 0x00000000e6e80000, 0x00000000f5500000)
  object space 113152K, 69% used [0x00000000e0000000,0x00000000e4d50230,0x00000000e6e80000)
 PSPermGen       total 119296K, used 119021K [0x00000000d0000000, 0x00000000d7480000, 0x00000000e0000000)
  object space 119296K, 99% used [0x00000000d0000000,0x00000000d743b7d0,0x00000000d7480000)
Event: 4678.518 GC heap after
Heap after GC invocations=139 (full 55):
 PSYoungGen      total 102912K, used 11467K [0x00000000f5500000, 0x00000000fd000000, 0x0000000100000000)
  eden space 87040K, 0% used [0x00000000f5500000,0x00000000f5500000,0x00000000faa00000)
  from space 15872K, 72% used [0x00000000fc080000,0x00000000fcbb2e30,0x00000000fd000000)
  to   space 19456K, 0% used [0x00000000faa00000,0x00000000faa00000,0x00000000fbd00000)
 ParOldGen       total 113152K, used 79168K [0x00000000e0000000, 0x00000000e6e80000, 0x00000000f5500000)
  object space 113152K, 69% used [0x00000000e0000000,0x00000000e4d50230,0x00000000e6e80000)
 PSPermGen       total 119296K, used 119021K [0x00000000d0000000, 0x00000000d7480000, 0x00000000e0000000)
  object space 119296K, 99% used [0x00000000d0000000,0x00000000d743b7d0,0x00000000d7480000)
}

