# JRE version: Java(TM) SE Runtime Environment (7.0_40-b43) (build 1.7.0_40-b43)
# Java VM: Java HotSpot(TM) 64-Bit Server VM (24.0-b56 mixed mode linux-amd64 compressed oops)
Heap
 PSYoungGen      total 80896K, used 73761K [0x00000000f5500000, 0x00000000ffe80000, 0x0000000100000000)
  eden space 73216K, 90% used [0x00000000f5500000,0x00000000f9593468,0x00000000f9c80000)
  from space 7680K, 99% used [0x00000000f9c80000,0x00000000fa3f4fd8,0x00000000fa400000)
  to   space 50176K, 0% used [0x00000000fcd80000,0x00000000fcd80000,0x00000000ffe80000)
 ParOldGen       total 89600K, used 78144K [0x00000000e0000000, 0x00000000e5780000, 0x00000000f5500000)
  object space 89600K, 87% used [0x00000000e0000000,0x00000000e4c50088,0x00000000e5780000)
 PSPermGen       total 161280K, used 104541K [0x00000000d0000000, 0x00000000d9d80000, 0x00000000e0000000)
  object space 161280K, 64% used [0x00000000d0000000,0x00000000d6617538,0x00000000d9d80000)
GC Heap History (10 events):
Event: 17.613 GC heap before
{Heap before GC invocations=16 (full 2):
 PSYoungGen      total 119296K, used 119031K [0x00000000f5500000, 0x0000000100000000, 0x0000000100000000)
  eden space 83968K, 100% used [0x00000000f5500000,0x00000000fa700000,0x00000000fa700000)
  from space 35328K, 99% used [0x00000000fa700000,0x00000000fc93dc08,0x00000000fc980000)
  to   space 48640K, 0% used [0x00000000fd080000,0x00000000fd080000,0x0000000100000000)
 ParOldGen       total 89600K, used 59245K [0x00000000e0000000, 0x00000000e5780000, 0x00000000f5500000)
  object space 89600K, 66% used [0x00000000e0000000,0x00000000e39db540,0x00000000e5780000)
 PSPermGen       total 91136K, used 90694K [0x00000000d0000000, 0x00000000d5900000, 0x00000000e0000000)
  object space 91136K, 99% used [0x00000000d0000000,0x00000000d58919e8,0x00000000d5900000)
Event: 17.644 GC heap after
Heap after GC invocations=16 (full 2):
 PSYoungGen      total 124416K, used 30978K [0x00000000f5500000, 0x0000000100000000, 0x0000000100000000)
  eden space 75776K, 0% used [0x00000000f5500000,0x00000000f5500000,0x00000000f9f00000)
  from space 48640K, 63% used [0x00000000fd080000,0x00000000feec0868,0x0000000100000000)
  to   space 49664K, 0% used [0x00000000f9f00000,0x00000000f9f00000,0x00000000fcf80000)
 ParOldGen       total 89600K, used 59253K [0x00000000e0000000, 0x00000000e5780000, 0x00000000f5500000)
  object space 89600K, 66% used [0x00000000e0000000,0x00000000e39dd540,0x00000000e5780000)
 PSPermGen       total 91136K, used 90694K [0x00000000d0000000, 0x00000000d5900000, 0x00000000e0000000)
  object space 91136K, 99% used [0x00000000d0000000,0x00000000d58919e8,0x00000000d5900000)
}
Event: 65.984 GC heap before
{Heap before GC invocations=17 (full 2):
 PSYoungGen      total 124416K, used 95870K [0x00000000f5500000, 0x0000000100000000, 0x0000000100000000)
  eden space 75776K, 85% used [0x00000000f5500000,0x00000000f945f360,0x00000000f9f00000)
  from space 48640K, 63% used [0x00000000fd080000,0x00000000feec0868,0x0000000100000000)
  to   space 49664K, 0% used [0x00000000f9f00000,0x00000000f9f00000,0x00000000fcf80000)
 ParOldGen       total 89600K, used 59253K [0x00000000e0000000, 0x00000000e5780000, 0x00000000f5500000)
  object space 89600K, 66% used [0x00000000e0000000,0x00000000e39dd540,0x00000000e5780000)
 PSPermGen       total 93696K, used 93436K [0x00000000d0000000, 0x00000000d5b80000, 0x00000000e0000000)
  object space 93696K, 99% used [0x00000000d0000000,0x00000000d5b3f380,0x00000000d5b80000)
Event: 66.016 GC heap after
Heap after GC invocations=17 (full 2):
 PSYoungGen      total 109568K, used 33554K [0x00000000f5500000, 0x0000000100000000, 0x0000000100000000)
  eden space 75776K, 0% used [0x00000000f5500000,0x00000000f5500000,0x00000000f9f00000)
  from space 33792K, 99% used [0x00000000f9f00000,0x00000000fbfc4bb8,0x00000000fc000000)
  to   space 51200K, 0% used [0x00000000fce00000,0x00000000fce00000,0x0000000100000000)
 ParOldGen       total 89600K, used 59253K [0x00000000e0000000, 0x00000000e5780000, 0x00000000f5500000)
  object space 89600K, 66% used [0x00000000e0000000,0x00000000e39dd540,0x00000000e5780000)
 PSPermGen       total 93696K, used 93436K [0x00000000d0000000, 0x00000000d5b80000, 0x00000000e0000000)
  object space 93696K, 99% used [0x00000000d0000000,0x00000000d5b3f380,0x00000000d5b80000)
}
Event: 66.016 GC heap before
{Heap before GC invocations=18 (full 3):
 PSYoungGen      total 109568K, used 33554K [0x00000000f5500000, 0x0000000100000000, 0x0000000100000000)
  eden space 75776K, 0% used [0x00000000f5500000,0x00000000f5500000,0x00000000f9f00000)
  from space 33792K, 99% used [0x00000000f9f00000,0x00000000fbfc4bb8,0x00000000fc000000)
  to   space 51200K, 0% used [0x00000000fce00000,0x00000000fce00000,0x0000000100000000)
 ParOldGen       total 89600K, used 59253K [0x00000000e0000000, 0x00000000e5780000, 0x00000000f5500000)
  object space 89600K, 66% used [0x00000000e0000000,0x00000000e39dd540,0x00000000e5780000)
 PSPermGen       total 93696K, used 93436K [0x00000000d0000000, 0x00000000d5b80000, 0x00000000e0000000)
  object space 93696K, 99% used [0x00000000d0000000,0x00000000d5b3f380,0x00000000d5b80000)
Event: 66.477 GC heap after
Heap after GC invocations=18 (full 3):
 PSYoungGen      total 109568K, used 0K [0x00000000f5500000, 0x0000000100000000, 0x0000000100000000)
  eden space 75776K, 0% used [0x00000000f5500000,0x00000000f5500000,0x00000000f9f00000)
  from space 33792K, 0% used [0x00000000f9f00000,0x00000000f9f00000,0x00000000fc000000)
  to   space 51200K, 0% used [0x00000000fce00000,0x00000000fce00000,0x0000000100000000)
 ParOldGen       total 89600K, used 78136K [0x00000000e0000000, 0x00000000e5780000, 0x00000000f5500000)
  object space 89600K, 87% used [0x00000000e0000000,0x00000000e4c4e088,0x00000000e5780000)
 PSPermGen       total 161280K, used 93403K [0x00000000d0000000, 0x00000000d9d80000, 0x00000000e0000000)
  object space 161280K, 57% used [0x00000000d0000000,0x00000000d5b36cf0,0x00000000d9d80000)
}
Event: 85.876 GC heap before
{Heap before GC invocations=19 (full 3):
 PSYoungGen      total 109568K, used 75776K [0x00000000f5500000, 0x0000000100000000, 0x0000000100000000)
  eden space 75776K, 100% used [0x00000000f5500000,0x00000000f9f00000,0x00000000f9f00000)
  from space 33792K, 0% used [0x00000000f9f00000,0x00000000f9f00000,0x00000000fc000000)
  to   space 51200K, 0% used [0x00000000fce00000,0x00000000fce00000,0x0000000100000000)
 ParOldGen       total 89600K, used 78136K [0x00000000e0000000, 0x00000000e5780000, 0x00000000f5500000)
  object space 89600K, 87% used [0x00000000e0000000,0x00000000e4c4e088,0x00000000e5780000)
 PSPermGen       total 161280K, used 97568K [0x00000000d0000000, 0x00000000d9d80000, 0x00000000e0000000)
  object space 161280K, 60% used [0x00000000d0000000,0x00000000d5f48318,0x00000000d9d80000)
Event: 85.895 GC heap after
Heap after GC invocations=19 (full 3):
 PSYoungGen      total 124416K, used 8342K [0x00000000f5500000, 0x0000000100000000, 0x0000000100000000)
  eden space 73216K, 0% used [0x00000000f5500000,0x00000000f5500000,0x00000000f9c80000)
  from space 51200K, 16% used [0x00000000fce00000,0x00000000fd625b30,0x0000000100000000)
  to   space 50688K, 0% used [0x00000000f9c80000,0x00000000f9c80000,0x00000000fce00000)
 ParOldGen       total 89600K, used 78144K [0x00000000e0000000, 0x00000000e5780000, 0x00000000f5500000)
  object space 89600K, 87% used [0x00000000e0000000,0x00000000e4c50088,0x00000000e5780000)
 PSPermGen       total 161280K, used 97568K [0x00000000d0000000, 0x00000000d9d80000, 0x00000000e0000000)
  object space 161280K, 60% used [0x00000000d0000000,0x00000000d5f48318,0x00000000d9d80000)
}
Event: 134.665 GC heap before
{Heap before GC invocations=20 (full 3):
 PSYoungGen      total 124416K, used 81558K [0x00000000f5500000, 0x0000000100000000, 0x0000000100000000)
  eden space 73216K, 100% used [0x00000000f5500000,0x00000000f9c80000,0x00000000f9c80000)
  from space 51200K, 16% used [0x00000000fce00000,0x00000000fd625b30,0x0000000100000000)
  to   space 50688K, 0% used [0x00000000f9c80000,0x00000000f9c80000,0x00000000fce00000)
 ParOldGen       total 89600K, used 78144K [0x00000000e0000000, 0x00000000e5780000, 0x00000000f5500000)
  object space 89600K, 87% used [0x00000000e0000000,0x00000000e4c50088,0x00000000e5780000)
 PSPermGen       total 161280K, used 98996K [0x00000000d0000000, 0x00000000d9d80000, 0x00000000e0000000)
  object space 161280K, 61% used [0x00000000d0000000,0x00000000d60ad120,0x00000000d9d80000)
Event: 134.678 GC heap after
Heap after GC invocations=20 (full 3):
 PSYoungGen      total 80896K, used 7635K [0x00000000f5500000, 0x00000000ffe80000, 0x0000000100000000)
  eden space 73216K, 0% used [0x00000000f5500000,0x00000000f5500000,0x00000000f9c80000)
  from space 7680K, 99% used [0x00000000f9c80000,0x00000000fa3f4fd8,0x00000000fa400000)
  to   space 50176K, 0% used [0x00000000fcd80000,0x00000000fcd80000,0x00000000ffe80000)
 ParOldGen       total 89600K, used 78144K [0x00000000e0000000, 0x00000000e5780000, 0x00000000f5500000)
  object space 89600K, 87% used [0x00000000e0000000,0x00000000e4c50088,0x00000000e5780000)
 PSPermGen       total 161280K, used 98996K [0x00000000d0000000, 0x00000000d9d80000, 0x00000000e0000000)
  object space 161280K, 61% used [0x00000000d0000000,0x00000000d60ad120,0x00000000d9d80000)
}

